# JRE version: OpenJDK Runtime Environment (11.0.13+8) (build 11.0.13+8-LTS)
# Java VM: OpenJDK 64-Bit Server VM (11.0.13+8-LTS, mixed mode, tiered, compressed oops, g1 gc, bsd-aarch64)
Heap:
 garbage-first heap   total 315392K, used 163018K [0x00000006c0000000, 0x00000007c0000000)
  region size 1024K, 35 young (35840K), 2 survivors (2048K)
 Metaspace       used 28424K, capacity 29331K, committed 29568K, reserved 1075200K
  class space    used 3252K, capacity 3649K, committed 3712K, reserved 1048576K
GC Heap History (20 events):
Event: 0.598 GC heap before
{Heap before GC invocations=1 (full 0):
 garbage-first heap   total 262144K, used 31770K [0x00000006c0000000, 0x00000007c0000000)
  region size 1024K, 24 young (24576K), 3 survivors (3072K)
 Metaspace       used 16507K, capacity 17001K, committed 17024K, reserved 1064960K
  class space    used 1698K, capacity 1916K, committed 1920K, reserved 1048576K
}
Event: 0.607 GC heap after
{Heap after GC invocations=2 (full 0):
 garbage-first heap   total 262144K, used 28416K [0x00000006c0000000, 0x00000007c0000000)
  region size 1024K, 3 young (3072K), 3 survivors (3072K)
 Metaspace       used 16507K, capacity 17001K, committed 17024K, reserved 1064960K
  class space    used 1698K, capacity 1916K, committed 1920K, reserved 1048576K
}
Event: 0.743 GC heap before
{Heap before GC invocations=2 (full 0):
 garbage-first heap   total 262144K, used 60160K [0x00000006c0000000, 0x00000007c0000000)
  region size 1024K, 35 young (35840K), 3 survivors (3072K)
 Metaspace       used 16648K, capacity 17195K, committed 17280K, reserved 1064960K
  class space    used 1699K, capacity 1916K, committed 1920K, reserved 1048576K
}
Event: 0.745 GC heap after
{Heap after GC invocations=3 (full 0):
 garbage-first heap   total 262144K, used 54848K [0x00000006c0000000, 0x00000007c0000000)
  region size 1024K, 5 young (5120K), 5 survivors (5120K)
 Metaspace       used 16648K, capacity 17195K, committed 17280K, reserved 1064960K
  class space    used 1699K, capacity 1916K, committed 1920K, reserved 1048576K
}
Event: 0.892 GC heap before
{Heap before GC invocations=3 (full 0):
 garbage-first heap   total 262144K, used 91712K [0x00000006c0000000, 0x00000007c0000000)
  region size 1024K, 42 young (43008K), 5 survivors (5120K)
 Metaspace       used 16787K, capacity 17268K, committed 17280K, reserved 1064960K
  class space    used 1699K, capacity 1916K, committed 1920K, reserved 1048576K
}
Event: 0.894 GC heap after
{Heap after GC invocations=4 (full 0):
 garbage-first heap   total 262144K, used 84560K [0x00000006c0000000, 0x00000007c0000000)
  region size 1024K, 6 young (6144K), 6 survivors (6144K)
 Metaspace       used 16787K, capacity 17268K, committed 17280K, reserved 1064960K
  class space    used 1699K, capacity 1916K, committed 1920K, reserved 1048576K
}
Event: 1.075 GC heap before
{Heap before GC invocations=4 (full 0):
 garbage-first heap   total 262144K, used 132688K [0x00000006c0000000, 0x00000007c0000000)
  region size 1024K, 54 young (55296K), 6 survivors (6144K)
 Metaspace       used 16869K, capacity 17400K, committed 17536K, reserved 1064960K
  class space    used 1699K, capacity 1916K, committed 1920K, reserved 1048576K
}
Event: 1.092 GC heap after
{Heap after GC invocations=5 (full 0):
 garbage-first heap   total 315392K, used 123666K [0x00000006c0000000, 0x00000007c0000000)
  region size 1024K, 7 young (7168K), 7 survivors (7168K)
 Metaspace       used 16869K, capacity 17400K, committed 17536K, reserved 1064960K
  class space    used 1699K, capacity 1916K, committed 1920K, reserved 1048576K
}
Event: 1.325 GC heap before
{Heap before GC invocations=5 (full 0):
 garbage-first heap   total 315392K, used 153362K [0x00000006c0000000, 0x00000007c0000000)
  region size 1024K, 34 young (34816K), 7 survivors (7168K)
 Metaspace       used 20500K, capacity 21040K, committed 21248K, reserved 1069056K
  class space    used 2245K, capacity 2469K, committed 2560K, reserved 1048576K
}
Event: 1.328 GC heap after
{Heap after GC invocations=6 (full 0):
 garbage-first heap   total 315392K, used 146442K [0x00000006c0000000, 0x00000007c0000000)
  region size 1024K, 8 young (8192K), 8 survivors (8192K)
 Metaspace       used 20500K, capacity 21040K, committed 21248K, reserved 1069056K
  class space    used 2245K, capacity 2469K, committed 2560K, reserved 1048576K
}
Event: 6.562 GC heap before
{Heap before GC invocations=7 (full 0):
 garbage-first heap   total 315392K, used 189450K [0x00000006c0000000, 0x00000007c0000000)
  region size 1024K, 49 young (50176K), 8 survivors (8192K)
 Metaspace       used 27587K, capacity 28458K, committed 28800K, reserved 1075200K
  class space    used 3224K, capacity 3596K, committed 3712K, reserved 1048576K
}
Event: 6.589 GC heap after
{Heap after GC invocations=8 (full 0):
 garbage-first heap   total 315392K, used 177120K [0x00000006c0000000, 0x00000007c0000000)
  region size 1024K, 7 young (7168K), 7 survivors (7168K)
 Metaspace       used 27587K, capacity 28458K, committed 28800K, reserved 1075200K
  class space    used 3224K, capacity 3596K, committed 3712K, reserved 1048576K
}
Event: 6.738 GC heap before
{Heap before GC invocations=8 (full 0):
 garbage-first heap   total 315392K, used 213984K [0x00000006c0000000, 0x00000007c0000000)
  region size 1024K, 44 young (45056K), 7 survivors (7168K)
 Metaspace       used 27612K, capacity 28522K, committed 28800K, reserved 1075200K
  class space    used 3224K, capacity 3596K, committed 3712K, reserved 1048576K
}
Event: 6.746 GC heap after
{Heap after GC invocations=9 (full 0):
 garbage-first heap   total 315392K, used 213322K [0x00000006c0000000, 0x00000007c0000000)
  region size 1024K, 6 young (6144K), 6 survivors (6144K)
 Metaspace       used 27612K, capacity 28522K, committed 28800K, reserved 1075200K
  class space    used 3224K, capacity 3596K, committed 3712K, reserved 1048576K
}
Event: 6.848 GC heap before
{Heap before GC invocations=10 (full 0):
 garbage-first heap   total 315392K, used 141642K [0x00000006c0000000, 0x00000007c0000000)
  region size 1024K, 29 young (29696K), 6 survivors (6144K)
 Metaspace       used 27614K, capacity 28522K, committed 28800K, reserved 1075200K
  class space    used 3224K, capacity 3596K, committed 3712K, reserved 1048576K
}
Event: 6.849 GC heap after
{Heap after GC invocations=11 (full 0):
 garbage-first heap   total 315392K, used 140890K [0x00000006c0000000, 0x00000007c0000000)
  region size 1024K, 4 young (4096K), 4 survivors (4096K)
 Metaspace       used 27614K, capacity 28522K, committed 28800K, reserved 1075200K
  class space    used 3224K, capacity 3596K, committed 3712K, reserved 1048576K
}
Event: 6.892 GC heap before
{Heap before GC invocations=11 (full 0):
 garbage-first heap   total 315392K, used 151130K [0x00000006c0000000, 0x00000007c0000000)
  region size 1024K, 15 young (15360K), 4 survivors (4096K)
 Metaspace       used 27614K, capacity 28522K, committed 28800K, reserved 1075200K
  class space    used 3224K, capacity 3596K, committed 3712K, reserved 1048576K
}
Event: 6.893 GC heap after
{Heap after GC invocations=12 (full 0):
 garbage-first heap   total 315392K, used 120071K [0x00000006c0000000, 0x00000007c0000000)
  region size 1024K, 2 young (2048K), 2 survivors (2048K)
 Metaspace       used 27614K, capacity 28522K, committed 28800K, reserved 1075200K
  class space    used 3224K, capacity 3596K, committed 3712K, reserved 1048576K
}
Event: 6.944 GC heap before
{Heap before GC invocations=12 (full 0):
 garbage-first heap   total 315392K, used 132359K [0x00000006c0000000, 0x00000007c0000000)
  region size 1024K, 15 young (15360K), 2 survivors (2048K)
 Metaspace       used 27614K, capacity 28522K, committed 28800K, reserved 1075200K
  class space    used 3224K, capacity 3596K, committed 3712K, reserved 1048576K
}
Event: 6.945 GC heap after
{Heap after GC invocations=13 (full 0):
 garbage-first heap   total 315392K, used 131274K [0x00000006c0000000, 0x00000007c0000000)
  region size 1024K, 2 young (2048K), 2 survivors (2048K)
 Metaspace       used 27614K, capacity 28522K, committed 28800K, reserved 1075200K
  class space    used 3224K, capacity 3596K, committed 3712K, reserved 1048576K
}

