# JRE version: OpenJDK Runtime Environment (11.0.13+8) (build 11.0.13+8-LTS)
# Java VM: OpenJDK 64-Bit Server VM (11.0.13+8-LTS, mixed mode, tiered, compressed oops, g1 gc, bsd-aarch64)
Heap:
 garbage-first heap   total 315392K, used 157892K [0x00000006c0000000, 0x00000007c0000000)
  region size 1024K, 30 young (30720K), 2 survivors (2048K)
 Metaspace       used 28305K, capacity 29228K, committed 29568K, reserved 1075200K
  class space    used 3242K, capacity 3636K, committed 3712K, reserved 1048576K
GC Heap History (20 events):
Event: 0.543 GC heap before
{Heap before GC invocations=1 (full 0):
 garbage-first heap   total 262144K, used 32732K [0x00000006c0000000, 0x00000007c0000000)
  region size 1024K, 25 young (25600K), 3 survivors (3072K)
 Metaspace       used 16495K, capacity 17060K, committed 17280K, reserved 1064960K
  class space    used 1696K, capacity 1916K, committed 1920K, reserved 1048576K
}
Event: 0.547 GC heap after
{Heap after GC invocations=2 (full 0):
 garbage-first heap   total 262144K, used 29248K [0x00000006c0000000, 0x00000007c0000000)
  region size 1024K, 4 young (4096K), 4 survivors (4096K)
 Metaspace       used 16495K, capacity 17060K, committed 17280K, reserved 1064960K
  class space    used 1696K, capacity 1916K, committed 1920K, reserved 1048576K
}
Event: 0.661 GC heap before
{Heap before GC invocations=2 (full 0):
 garbage-first heap   total 262144K, used 58944K [0x00000006c0000000, 0x00000007c0000000)
  region size 1024K, 34 young (34816K), 4 survivors (4096K)
 Metaspace       used 16628K, capacity 17129K, committed 17280K, reserved 1064960K
  class space    used 1696K, capacity 1916K, committed 1920K, reserved 1048576K
}
Event: 0.664 GC heap after
{Heap after GC invocations=3 (full 0):
 garbage-first heap   total 262144K, used 53824K [0x00000006c0000000, 0x00000007c0000000)
  region size 1024K, 5 young (5120K), 5 survivors (5120K)
 Metaspace       used 16628K, capacity 17129K, committed 17280K, reserved 1064960K
  class space    used 1696K, capacity 1916K, committed 1920K, reserved 1048576K
}
Event: 0.797 GC heap before
{Heap before GC invocations=3 (full 0):
 garbage-first heap   total 262144K, used 89664K [0x00000006c0000000, 0x00000007c0000000)
  region size 1024K, 41 young (41984K), 5 survivors (5120K)
 Metaspace       used 16757K, capacity 17268K, committed 17536K, reserved 1064960K
  class space    used 1696K, capacity 1916K, committed 1920K, reserved 1048576K
}
Event: 0.799 GC heap after
{Heap after GC invocations=4 (full 0):
 garbage-first heap   total 262144K, used 83335K [0x00000006c0000000, 0x00000007c0000000)
  region size 1024K, 6 young (6144K), 6 survivors (6144K)
 Metaspace       used 16757K, capacity 17268K, committed 17536K, reserved 1064960K
  class space    used 1696K, capacity 1916K, committed 1920K, reserved 1048576K
}
Event: 0.961 GC heap before
{Heap before GC invocations=4 (full 0):
 garbage-first heap   total 262144K, used 130439K [0x00000006c0000000, 0x00000007c0000000)
  region size 1024K, 53 young (54272K), 6 survivors (6144K)
 Metaspace       used 16856K, capacity 17400K, committed 17536K, reserved 1064960K
  class space    used 1696K, capacity 1916K, committed 1920K, reserved 1048576K
}
Event: 0.965 GC heap after
{Heap after GC invocations=5 (full 0):
 garbage-first heap   total 315392K, used 121806K [0x00000006c0000000, 0x00000007c0000000)
  region size 1024K, 7 young (7168K), 7 survivors (7168K)
 Metaspace       used 16856K, capacity 17400K, committed 17536K, reserved 1064960K
  class space    used 1696K, capacity 1916K, committed 1920K, reserved 1048576K
}
Event: 1.176 GC heap before
{Heap before GC invocations=5 (full 0):
 garbage-first heap   total 315392K, used 155598K [0x00000006c0000000, 0x00000007c0000000)
  region size 1024K, 37 young (37888K), 7 survivors (7168K)
 Metaspace       used 20585K, capacity 21109K, committed 21248K, reserved 1069056K
  class space    used 2251K, capacity 2471K, committed 2560K, reserved 1048576K
}
Event: 1.182 GC heap after
{Heap after GC invocations=6 (full 0):
 garbage-first heap   total 315392K, used 147998K [0x00000006c0000000, 0x00000007c0000000)
  region size 1024K, 8 young (8192K), 8 survivors (8192K)
 Metaspace       used 20585K, capacity 21109K, committed 21248K, reserved 1069056K
  class space    used 2251K, capacity 2471K, committed 2560K, reserved 1048576K
}
Event: 7.344 GC heap before
{Heap before GC invocations=7 (full 0):
 garbage-first heap   total 315392K, used 191006K [0x00000006c0000000, 0x00000007c0000000)
  region size 1024K, 49 young (50176K), 8 survivors (8192K)
 Metaspace       used 27612K, capacity 28586K, committed 28800K, reserved 1075200K
  class space    used 3224K, capacity 3596K, committed 3712K, reserved 1048576K
}
Event: 7.349 GC heap after
{Heap after GC invocations=8 (full 0):
 garbage-first heap   total 315392K, used 179596K [0x00000006c0000000, 0x00000007c0000000)
  region size 1024K, 7 young (7168K), 7 survivors (7168K)
 Metaspace       used 27612K, capacity 28586K, committed 28800K, reserved 1075200K
  class space    used 3224K, capacity 3596K, committed 3712K, reserved 1048576K
}
Event: 7.500 GC heap before
{Heap before GC invocations=8 (full 0):
 garbage-first heap   total 315392K, used 215436K [0x00000006c0000000, 0x00000007c0000000)
  region size 1024K, 43 young (44032K), 7 survivors (7168K)
 Metaspace       used 27638K, capacity 28586K, committed 28800K, reserved 1075200K
  class space    used 3224K, capacity 3596K, committed 3712K, reserved 1048576K
}
Event: 7.505 GC heap after
{Heap after GC invocations=9 (full 0):
 garbage-first heap   total 315392K, used 213584K [0x00000006c0000000, 0x00000007c0000000)
  region size 1024K, 6 young (6144K), 6 survivors (6144K)
 Metaspace       used 27638K, capacity 28586K, committed 28800K, reserved 1075200K
  class space    used 3224K, capacity 3596K, committed 3712K, reserved 1048576K
}
Event: 7.597 GC heap before
{Heap before GC invocations=10 (full 0):
 garbage-first heap   total 315392K, used 143952K [0x00000006c0000000, 0x00000007c0000000)
  region size 1024K, 29 young (29696K), 6 survivors (6144K)
 Metaspace       used 27642K, capacity 28586K, committed 28800K, reserved 1075200K
  class space    used 3224K, capacity 3596K, committed 3712K, reserved 1048576K
}
Event: 7.598 GC heap after
{Heap after GC invocations=11 (full 0):
 garbage-first heap   total 315392K, used 143744K [0x00000006c0000000, 0x00000007c0000000)
  region size 1024K, 4 young (4096K), 4 survivors (4096K)
 Metaspace       used 27642K, capacity 28586K, committed 28800K, reserved 1075200K
  class space    used 3224K, capacity 3596K, committed 3712K, reserved 1048576K
}
Event: 7.640 GC heap before
{Heap before GC invocations=11 (full 0):
 garbage-first heap   total 315392K, used 153984K [0x00000006c0000000, 0x00000007c0000000)
  region size 1024K, 15 young (15360K), 4 survivors (4096K)
 Metaspace       used 27642K, capacity 28586K, committed 28800K, reserved 1075200K
  class space    used 3224K, capacity 3596K, committed 3712K, reserved 1048576K
}
Event: 7.641 GC heap after
{Heap after GC invocations=12 (full 0):
 garbage-first heap   total 315392K, used 123089K [0x00000006c0000000, 0x00000007c0000000)
  region size 1024K, 2 young (2048K), 2 survivors (2048K)
 Metaspace       used 27642K, capacity 28586K, committed 28800K, reserved 1075200K
  class space    used 3224K, capacity 3596K, committed 3712K, reserved 1048576K
}
Event: 7.691 GC heap before
{Heap before GC invocations=12 (full 0):
 garbage-first heap   total 315392K, used 135377K [0x00000006c0000000, 0x00000007c0000000)
  region size 1024K, 15 young (15360K), 2 survivors (2048K)
 Metaspace       used 27642K, capacity 28586K, committed 28800K, reserved 1075200K
  class space    used 3224K, capacity 3596K, committed 3712K, reserved 1048576K
}
Event: 7.692 GC heap after
{Heap after GC invocations=13 (full 0):
 garbage-first heap   total 315392K, used 131268K [0x00000006c0000000, 0x00000007c0000000)
  region size 1024K, 2 young (2048K), 2 survivors (2048K)
 Metaspace       used 27642K, capacity 28586K, committed 28800K, reserved 1075200K
  class space    used 3224K, capacity 3596K, committed 3712K, reserved 1048576K
}

