# JRE version: OpenJDK Runtime Environment (11.0.13+8) (build 11.0.13+8-LTS)
# Java VM: OpenJDK 64-Bit Server VM (11.0.13+8-LTS, mixed mode, tiered, compressed oops, g1 gc, bsd-aarch64)
Heap:
 garbage-first heap   total 336896K, used 160369K [0x00000006c0000000, 0x00000007c0000000)
  region size 1024K, 21 young (21504K), 9 survivors (9216K)
 Metaspace       used 26229K, capacity 27141K, committed 27264K, reserved 1073152K
  class space    used 3054K, capacity 3402K, committed 3456K, reserved 1048576K
GC Heap History (12 events):
Event: 0.500 GC heap before
{Heap before GC invocations=0 (full 0):
 garbage-first heap   total 262144K, used 23552K [0x00000006c0000000, 0x00000007c0000000)
  region size 1024K, 24 young (24576K), 0 survivors (0K)
 Metaspace       used 16706K, capacity 17277K, committed 17408K, reserved 1064960K
  class space    used 1784K, capacity 2002K, committed 2048K, reserved 1048576K
}
Event: 0.504 GC heap after
{Heap after GC invocations=1 (full 0):
 garbage-first heap   total 262144K, used 7653K [0x00000006c0000000, 0x00000007c0000000)
  region size 1024K, 3 young (3072K), 3 survivors (3072K)
 Metaspace       used 16706K, capacity 17277K, committed 17408K, reserved 1064960K
  class space    used 1784K, capacity 2002K, committed 2048K, reserved 1048576K
}
Event: 0.635 GC heap before
{Heap before GC invocations=1 (full 0):
 garbage-first heap   total 262144K, used 36325K [0x00000006c0000000, 0x00000007c0000000)
  region size 1024K, 31 young (31744K), 3 survivors (3072K)
 Metaspace       used 17042K, capacity 17603K, committed 17664K, reserved 1064960K
  class space    used 1788K, capacity 2010K, committed 2048K, reserved 1048576K
}
Event: 0.650 GC heap after
{Heap after GC invocations=2 (full 0):
 garbage-first heap   total 262144K, used 30656K [0x00000006c0000000, 0x00000007c0000000)
  region size 1024K, 4 young (4096K), 4 survivors (4096K)
 Metaspace       used 17042K, capacity 17603K, committed 17664K, reserved 1064960K
  class space    used 1788K, capacity 2010K, committed 2048K, reserved 1048576K
}
Event: 0.777 GC heap before
{Heap before GC invocations=2 (full 0):
 garbage-first heap   total 262144K, used 61376K [0x00000006c0000000, 0x00000007c0000000)
  region size 1024K, 35 young (35840K), 4 survivors (4096K)
 Metaspace       used 17170K, capacity 17732K, committed 17920K, reserved 1064960K
  class space    used 1788K, capacity 2010K, committed 2048K, reserved 1048576K
}
Event: 0.782 GC heap after
{Heap after GC invocations=3 (full 0):
 garbage-first heap   total 262144K, used 55680K [0x00000006c0000000, 0x00000007c0000000)
  region size 1024K, 5 young (5120K), 5 survivors (5120K)
 Metaspace       used 17170K, capacity 17732K, committed 17920K, reserved 1064960K
  class space    used 1788K, capacity 2010K, committed 2048K, reserved 1048576K
}
Event: 0.972 GC heap before
{Heap before GC invocations=3 (full 0):
 garbage-first heap   total 262144K, used 94592K [0x00000006c0000000, 0x00000007c0000000)
  region size 1024K, 44 young (45056K), 5 survivors (5120K)
 Metaspace       used 17323K, capacity 17936K, committed 18176K, reserved 1064960K
  class space    used 1788K, capacity 2010K, committed 2048K, reserved 1048576K
}
Event: 0.976 GC heap after
{Heap after GC invocations=4 (full 0):
 garbage-first heap   total 262144K, used 87434K [0x00000006c0000000, 0x00000007c0000000)
  region size 1024K, 6 young (6144K), 6 survivors (6144K)
 Metaspace       used 17323K, capacity 17936K, committed 18176K, reserved 1064960K
  class space    used 1788K, capacity 2010K, committed 2048K, reserved 1048576K
}
Event: 1.178 GC heap before
{Heap before GC invocations=4 (full 0):
 garbage-first heap   total 262144K, used 136586K [0x00000006c0000000, 0x00000007c0000000)
  region size 1024K, 55 young (56320K), 6 survivors (6144K)
 Metaspace       used 17653K, capacity 18233K, committed 18432K, reserved 1064960K
  class space    used 1812K, capacity 2045K, committed 2048K, reserved 1048576K
}
Event: 1.183 GC heap after
{Heap after GC invocations=5 (full 0):
 garbage-first heap   total 336896K, used 127173K [0x00000006c0000000, 0x00000007c0000000)
  region size 1024K, 7 young (7168K), 7 survivors (7168K)
 Metaspace       used 17653K, capacity 18233K, committed 18432K, reserved 1064960K
  class space    used 1812K, capacity 2045K, committed 2048K, reserved 1048576K
}
Event: 1.373 GC heap before
{Heap before GC invocations=5 (full 0):
 garbage-first heap   total 336896K, used 152773K [0x00000006c0000000, 0x00000007c0000000)
  region size 1024K, 29 young (29696K), 7 survivors (7168K)
 Metaspace       used 20646K, capacity 21197K, committed 21248K, reserved 1069056K
  class space    used 2294K, capacity 2521K, committed 2560K, reserved 1048576K
}
Event: 1.376 GC heap after
{Heap after GC invocations=6 (full 0):
 garbage-first heap   total 336896K, used 147057K [0x00000006c0000000, 0x00000007c0000000)
  region size 1024K, 9 young (9216K), 9 survivors (9216K)
 Metaspace       used 20646K, capacity 21197K, committed 21248K, reserved 1069056K
  class space    used 2294K, capacity 2521K, committed 2560K, reserved 1048576K
}

