# JRE version: OpenJDK Runtime Environment (11.0.13+8) (build 11.0.13+8-LTS)
# Java VM: OpenJDK 64-Bit Server VM (11.0.13+8-LTS, mixed mode, tiered, compressed oops, g1 gc, bsd-aarch64)
Heap:
 garbage-first heap   total 315392K, used 158690K [0x00000006c0000000, 0x00000007c0000000)
  region size 1024K, 29 young (29696K), 2 survivors (2048K)
 Metaspace       used 28363K, capacity 29290K, committed 29568K, reserved 1075200K
  class space    used 3248K, capacity 3635K, committed 3712K, reserved 1048576K
GC Heap History (20 events):
Event: 0.522 GC heap before
{Heap before GC invocations=1 (full 0):
 garbage-first heap   total 262144K, used 31907K [0x00000006c0000000, 0x00000007c0000000)
  region size 1024K, 24 young (24576K), 3 survivors (3072K)
 Metaspace       used 16474K, capacity 16994K, committed 17024K, reserved 1064960K
  class space    used 1704K, capacity 1915K, committed 1920K, reserved 1048576K
}
Event: 0.524 GC heap after
{Heap after GC invocations=2 (full 0):
 garbage-first heap   total 262144K, used 29056K [0x00000006c0000000, 0x00000007c0000000)
  region size 1024K, 3 young (3072K), 3 survivors (3072K)
 Metaspace       used 16474K, capacity 16994K, committed 17024K, reserved 1064960K
  class space    used 1704K, capacity 1915K, committed 1920K, reserved 1048576K
}
Event: 0.661 GC heap before
{Heap before GC invocations=2 (full 0):
 garbage-first heap   total 262144K, used 62848K [0x00000006c0000000, 0x00000007c0000000)
  region size 1024K, 37 young (37888K), 3 survivors (3072K)
 Metaspace       used 16640K, capacity 17128K, committed 17280K, reserved 1064960K
  class space    used 1704K, capacity 1915K, committed 1920K, reserved 1048576K
}
Event: 0.664 GC heap after
{Heap after GC invocations=3 (full 0):
 garbage-first heap   total 262144K, used 56896K [0x00000006c0000000, 0x00000007c0000000)
  region size 1024K, 5 young (5120K), 5 survivors (5120K)
 Metaspace       used 16640K, capacity 17128K, committed 17280K, reserved 1064960K
  class space    used 1704K, capacity 1915K, committed 1920K, reserved 1048576K
}
Event: 0.807 GC heap before
{Heap before GC invocations=3 (full 0):
 garbage-first heap   total 262144K, used 94784K [0x00000006c0000000, 0x00000007c0000000)
  region size 1024K, 43 young (44032K), 5 survivors (5120K)
 Metaspace       used 16768K, capacity 17334K, committed 17536K, reserved 1064960K
  class space    used 1704K, capacity 1915K, committed 1920K, reserved 1048576K
}
Event: 0.810 GC heap after
{Heap after GC invocations=4 (full 0):
 garbage-first heap   total 262144K, used 87616K [0x00000006c0000000, 0x00000007c0000000)
  region size 1024K, 6 young (6144K), 6 survivors (6144K)
 Metaspace       used 16768K, capacity 17334K, committed 17536K, reserved 1064960K
  class space    used 1704K, capacity 1915K, committed 1920K, reserved 1048576K
}
Event: 0.986 GC heap before
{Heap before GC invocations=4 (full 0):
 garbage-first heap   total 262144K, used 136768K [0x00000006c0000000, 0x00000007c0000000)
  region size 1024K, 54 young (55296K), 6 survivors (6144K)
 Metaspace       used 16840K, capacity 17334K, committed 17536K, reserved 1064960K
  class space    used 1704K, capacity 1915K, committed 1920K, reserved 1048576K
}
Event: 1.003 GC heap after
{Heap after GC invocations=5 (full 0):
 garbage-first heap   total 315392K, used 126936K [0x00000006c0000000, 0x00000007c0000000)
  region size 1024K, 7 young (7168K), 7 survivors (7168K)
 Metaspace       used 16840K, capacity 17334K, committed 17536K, reserved 1064960K
  class space    used 1704K, capacity 1915K, committed 1920K, reserved 1048576K
}
Event: 1.208 GC heap before
{Heap before GC invocations=5 (full 0):
 garbage-first heap   total 315392K, used 153560K [0x00000006c0000000, 0x00000007c0000000)
  region size 1024K, 31 young (31744K), 7 survivors (7168K)
 Metaspace       used 20556K, capacity 21107K, committed 21248K, reserved 1069056K
  class space    used 2254K, capacity 2470K, committed 2560K, reserved 1048576K
}
Event: 1.212 GC heap after
{Heap after GC invocations=6 (full 0):
 garbage-first heap   total 315392K, used 146868K [0x00000006c0000000, 0x00000007c0000000)
  region size 1024K, 8 young (8192K), 8 survivors (8192K)
 Metaspace       used 20556K, capacity 21107K, committed 21248K, reserved 1069056K
  class space    used 2254K, capacity 2470K, committed 2560K, reserved 1048576K
}
Event: 8.113 GC heap before
{Heap before GC invocations=7 (full 0):
 garbage-first heap   total 315392K, used 193972K [0x00000006c0000000, 0x00000007c0000000)
  region size 1024K, 53 young (54272K), 8 survivors (8192K)
 Metaspace       used 27574K, capacity 28458K, committed 28800K, reserved 1075200K
  class space    used 3231K, capacity 3596K, committed 3712K, reserved 1048576K
}
Event: 8.118 GC heap after
{Heap after GC invocations=8 (full 0):
 garbage-first heap   total 315392K, used 180011K [0x00000006c0000000, 0x00000007c0000000)
  region size 1024K, 7 young (7168K), 7 survivors (7168K)
 Metaspace       used 27574K, capacity 28458K, committed 28800K, reserved 1075200K
  class space    used 3231K, capacity 3596K, committed 3712K, reserved 1048576K
}
Event: 8.259 GC heap before
{Heap before GC invocations=8 (full 0):
 garbage-first heap   total 315392K, used 215851K [0x00000006c0000000, 0x00000007c0000000)
  region size 1024K, 43 young (44032K), 7 survivors (7168K)
 Metaspace       used 27599K, capacity 28522K, committed 28800K, reserved 1075200K
  class space    used 3231K, capacity 3596K, committed 3712K, reserved 1048576K
}
Event: 8.262 GC heap after
{Heap after GC invocations=9 (full 0):
 garbage-first heap   total 315392K, used 216256K [0x00000006c0000000, 0x00000007c0000000)
  region size 1024K, 6 young (6144K), 6 survivors (6144K)
 Metaspace       used 27599K, capacity 28522K, committed 28800K, reserved 1075200K
  class space    used 3231K, capacity 3596K, committed 3712K, reserved 1048576K
}
Event: 8.350 GC heap before
{Heap before GC invocations=10 (full 0):
 garbage-first heap   total 315392K, used 150720K [0x00000006c0000000, 0x00000007c0000000)
  region size 1024K, 28 young (28672K), 6 survivors (6144K)
 Metaspace       used 27604K, capacity 28522K, committed 28800K, reserved 1075200K
  class space    used 3231K, capacity 3596K, committed 3712K, reserved 1048576K
}
Event: 8.351 GC heap after
{Heap after GC invocations=11 (full 0):
 garbage-first heap   total 315392K, used 150485K [0x00000006c0000000, 0x00000007c0000000)
  region size 1024K, 4 young (4096K), 4 survivors (4096K)
 Metaspace       used 27604K, capacity 28522K, committed 28800K, reserved 1075200K
  class space    used 3231K, capacity 3596K, committed 3712K, reserved 1048576K
}
Event: 8.394 GC heap before
{Heap before GC invocations=11 (full 0):
 garbage-first heap   total 315392K, used 160725K [0x00000006c0000000, 0x00000007c0000000)
  region size 1024K, 15 young (15360K), 4 survivors (4096K)
 Metaspace       used 27604K, capacity 28522K, committed 28800K, reserved 1075200K
  class space    used 3231K, capacity 3596K, committed 3712K, reserved 1048576K
}
Event: 8.394 GC heap after
{Heap after GC invocations=12 (full 0):
 garbage-first heap   total 315392K, used 129224K [0x00000006c0000000, 0x00000007c0000000)
  region size 1024K, 2 young (2048K), 2 survivors (2048K)
 Metaspace       used 27604K, capacity 28522K, committed 28800K, reserved 1075200K
  class space    used 3231K, capacity 3596K, committed 3712K, reserved 1048576K
}
Event: 8.445 GC heap before
{Heap before GC invocations=12 (full 0):
 garbage-first heap   total 315392K, used 141512K [0x00000006c0000000, 0x00000007c0000000)
  region size 1024K, 15 young (15360K), 2 survivors (2048K)
 Metaspace       used 27604K, capacity 28522K, committed 28800K, reserved 1075200K
  class space    used 3231K, capacity 3596K, committed 3712K, reserved 1048576K
}
Event: 8.445 GC heap after
{Heap after GC invocations=13 (full 0):
 garbage-first heap   total 315392K, used 133090K [0x00000006c0000000, 0x00000007c0000000)
  region size 1024K, 2 young (2048K), 2 survivors (2048K)
 Metaspace       used 27604K, capacity 28522K, committed 28800K, reserved 1075200K
  class space    used 3231K, capacity 3596K, committed 3712K, reserved 1048576K
}

