# JRE version: OpenJDK Runtime Environment (11.0.13+8) (build 11.0.13+8-LTS)
# Java VM: OpenJDK 64-Bit Server VM (11.0.13+8-LTS, mixed mode, tiered, compressed oops, g1 gc, bsd-aarch64)
Heap:
 garbage-first heap   total 315392K, used 158280K [0x00000006c0000000, 0x00000007c0000000)
  region size 1024K, 29 young (29696K), 2 survivors (2048K)
 Metaspace       used 28160K, capacity 29079K, committed 29312K, reserved 1075200K
  class space    used 3254K, capacity 3650K, committed 3712K, reserved 1048576K
GC Heap History (20 events):
Event: 0.573 GC heap before
{Heap before GC invocations=1 (full 0):
 garbage-first heap   total 262144K, used 31341K [0x00000006c0000000, 0x00000007c0000000)
  region size 1024K, 23 young (23552K), 3 survivors (3072K)
 Metaspace       used 16446K, capacity 16994K, committed 17024K, reserved 1064960K
  class space    used 1704K, capacity 1915K, committed 1920K, reserved 1048576K
}
Event: 0.576 GC heap after
{Heap after GC invocations=2 (full 0):
 garbage-first heap   total 262144K, used 28608K [0x00000006c0000000, 0x00000007c0000000)
  region size 1024K, 3 young (3072K), 3 survivors (3072K)
 Metaspace       used 16446K, capacity 16994K, committed 17024K, reserved 1064960K
  class space    used 1704K, capacity 1915K, committed 1920K, reserved 1048576K
}
Event: 0.699 GC heap before
{Heap before GC invocations=2 (full 0):
 garbage-first heap   total 262144K, used 57280K [0x00000006c0000000, 0x00000007c0000000)
  region size 1024K, 32 young (32768K), 3 survivors (3072K)
 Metaspace       used 16614K, capacity 17127K, committed 17280K, reserved 1064960K
  class space    used 1704K, capacity 1915K, committed 1920K, reserved 1048576K
}
Event: 0.702 GC heap after
{Heap after GC invocations=3 (full 0):
 garbage-first heap   total 262144K, used 51998K [0x00000006c0000000, 0x00000007c0000000)
  region size 1024K, 4 young (4096K), 4 survivors (4096K)
 Metaspace       used 16614K, capacity 17127K, committed 17280K, reserved 1064960K
  class space    used 1704K, capacity 1915K, committed 1920K, reserved 1048576K
}
Event: 0.843 GC heap before
{Heap before GC invocations=3 (full 0):
 garbage-first heap   total 262144K, used 88862K [0x00000006c0000000, 0x00000007c0000000)
  region size 1024K, 40 young (40960K), 4 survivors (4096K)
 Metaspace       used 16750K, capacity 17266K, committed 17280K, reserved 1064960K
  class space    used 1704K, capacity 1915K, committed 1920K, reserved 1048576K
}
Event: 0.846 GC heap after
{Heap after GC invocations=4 (full 0):
 garbage-first heap   total 262144K, used 81293K [0x00000006c0000000, 0x00000007c0000000)
  region size 1024K, 5 young (5120K), 5 survivors (5120K)
 Metaspace       used 16750K, capacity 17266K, committed 17280K, reserved 1064960K
  class space    used 1704K, capacity 1915K, committed 1920K, reserved 1048576K
}
Event: 1.019 GC heap before
{Heap before GC invocations=4 (full 0):
 garbage-first heap   total 262144K, used 129421K [0x00000006c0000000, 0x00000007c0000000)
  region size 1024K, 52 young (53248K), 5 survivors (5120K)
 Metaspace       used 16851K, capacity 17334K, committed 17536K, reserved 1064960K
  class space    used 1704K, capacity 1915K, committed 1920K, reserved 1048576K
}
Event: 1.023 GC heap after
{Heap after GC invocations=5 (full 0):
 garbage-first heap   total 315392K, used 119766K [0x00000006c0000000, 0x00000007c0000000)
  region size 1024K, 7 young (7168K), 7 survivors (7168K)
 Metaspace       used 16851K, capacity 17334K, committed 17536K, reserved 1064960K
  class space    used 1704K, capacity 1915K, committed 1920K, reserved 1048576K
}
Event: 1.258 GC heap before
{Heap before GC invocations=5 (full 0):
 garbage-first heap   total 315392K, used 156630K [0x00000006c0000000, 0x00000007c0000000)
  region size 1024K, 40 young (40960K), 7 survivors (7168K)
 Metaspace       used 20596K, capacity 21107K, committed 21248K, reserved 1069056K
  class space    used 2256K, capacity 2470K, committed 2560K, reserved 1048576K
}
Event: 1.262 GC heap after
{Heap after GC invocations=6 (full 0):
 garbage-first heap   total 315392K, used 147707K [0x00000006c0000000, 0x00000007c0000000)
  region size 1024K, 8 young (8192K), 8 survivors (8192K)
 Metaspace       used 20596K, capacity 21107K, committed 21248K, reserved 1069056K
  class space    used 2256K, capacity 2470K, committed 2560K, reserved 1048576K
}
Event: 12.964 GC heap before
{Heap before GC invocations=7 (full 0):
 garbage-first heap   total 315392K, used 194811K [0x00000006c0000000, 0x00000007c0000000)
  region size 1024K, 53 young (54272K), 8 survivors (8192K)
 Metaspace       used 27802K, capacity 28728K, committed 29056K, reserved 1075200K
  class space    used 3233K, capacity 3597K, committed 3712K, reserved 1048576K
}
Event: 12.971 GC heap after
{Heap after GC invocations=8 (full 0):
 garbage-first heap   total 315392K, used 181025K [0x00000006c0000000, 0x00000007c0000000)
  region size 1024K, 7 young (7168K), 7 survivors (7168K)
 Metaspace       used 27802K, capacity 28728K, committed 29056K, reserved 1075200K
  class space    used 3233K, capacity 3597K, committed 3712K, reserved 1048576K
}
Event: 13.126 GC heap before
{Heap before GC invocations=8 (full 0):
 garbage-first heap   total 315392K, used 216865K [0x00000006c0000000, 0x00000007c0000000)
  region size 1024K, 43 young (44032K), 7 survivors (7168K)
 Metaspace       used 27826K, capacity 28728K, committed 29056K, reserved 1075200K
  class space    used 3233K, capacity 3597K, committed 3712K, reserved 1048576K
}
Event: 13.138 GC heap after
{Heap after GC invocations=9 (full 0):
 garbage-first heap   total 315392K, used 215844K [0x00000006c0000000, 0x00000007c0000000)
  region size 1024K, 6 young (6144K), 6 survivors (6144K)
 Metaspace       used 27826K, capacity 28728K, committed 29056K, reserved 1075200K
  class space    used 3233K, capacity 3597K, committed 3712K, reserved 1048576K
}
Event: 13.234 GC heap before
{Heap before GC invocations=10 (full 0):
 garbage-first heap   total 315392K, used 159524K [0x00000006c0000000, 0x00000007c0000000)
  region size 1024K, 28 young (28672K), 6 survivors (6144K)
 Metaspace       used 27829K, capacity 28728K, committed 29056K, reserved 1075200K
  class space    used 3233K, capacity 3597K, committed 3712K, reserved 1048576K
}
Event: 13.235 GC heap after
{Heap after GC invocations=11 (full 0):
 garbage-first heap   total 315392K, used 159520K [0x00000006c0000000, 0x00000007c0000000)
  region size 1024K, 4 young (4096K), 4 survivors (4096K)
 Metaspace       used 27829K, capacity 28728K, committed 29056K, reserved 1075200K
  class space    used 3233K, capacity 3597K, committed 3712K, reserved 1048576K
}
Event: 13.281 GC heap before
{Heap before GC invocations=11 (full 0):
 garbage-first heap   total 315392K, used 169760K [0x00000006c0000000, 0x00000007c0000000)
  region size 1024K, 15 young (15360K), 4 survivors (4096K)
 Metaspace       used 27829K, capacity 28728K, committed 29056K, reserved 1075200K
  class space    used 3233K, capacity 3597K, committed 3712K, reserved 1048576K
}
Event: 13.282 GC heap after
{Heap after GC invocations=12 (full 0):
 garbage-first heap   total 315392K, used 138013K [0x00000006c0000000, 0x00000007c0000000)
  region size 1024K, 2 young (2048K), 2 survivors (2048K)
 Metaspace       used 27829K, capacity 28728K, committed 29056K, reserved 1075200K
  class space    used 3233K, capacity 3597K, committed 3712K, reserved 1048576K
}
Event: 13.335 GC heap before
{Heap before GC invocations=12 (full 0):
 garbage-first heap   total 315392K, used 150301K [0x00000006c0000000, 0x00000007c0000000)
  region size 1024K, 15 young (15360K), 2 survivors (2048K)
 Metaspace       used 27829K, capacity 28728K, committed 29056K, reserved 1075200K
  class space    used 3233K, capacity 3597K, committed 3712K, reserved 1048576K
}
Event: 13.336 GC heap after
{Heap after GC invocations=13 (full 0):
 garbage-first heap   total 315392K, used 132680K [0x00000006c0000000, 0x00000007c0000000)
  region size 1024K, 2 young (2048K), 2 survivors (2048K)
 Metaspace       used 27829K, capacity 28728K, committed 29056K, reserved 1075200K
  class space    used 3233K, capacity 3597K, committed 3712K, reserved 1048576K
}

