# JRE version: OpenJDK Runtime Environment (11.0.13+8) (build 11.0.13+8-LTS)
# Java VM: OpenJDK 64-Bit Server VM (11.0.13+8-LTS, mixed mode, tiered, compressed oops, g1 gc, bsd-aarch64)
Heap:
 garbage-first heap   total 320512K, used 162444K [0x00000006c0000000, 0x00000007c0000000)
  region size 1024K, 22 young (22528K), 8 survivors (8192K)
 Metaspace       used 27323K, capacity 28281K, committed 28416K, reserved 1075200K
  class space    used 3167K, capacity 3558K, committed 3584K, reserved 1048576K
GC Heap History (12 events):
Event: 0.476 GC heap before
{Heap before GC invocations=0 (full 0):
 garbage-first heap   total 262144K, used 23552K [0x00000006c0000000, 0x00000007c0000000)
  region size 1024K, 24 young (24576K), 0 survivors (0K)
 Metaspace       used 16278K, capacity 16790K, committed 17024K, reserved 1064960K
  class space    used 1700K, capacity 1914K, committed 1920K, reserved 1048576K
}
Event: 0.480 GC heap after
{Heap after GC invocations=1 (full 0):
 garbage-first heap   total 262144K, used 11428K [0x00000006c0000000, 0x00000007c0000000)
  region size 1024K, 3 young (3072K), 3 survivors (3072K)
 Metaspace       used 16278K, capacity 16790K, committed 17024K, reserved 1064960K
  class space    used 1700K, capacity 1914K, committed 1920K, reserved 1048576K
}
Event: 0.587 GC heap before
{Heap before GC invocations=1 (full 0):
 garbage-first heap   total 262144K, used 31908K [0x00000006c0000000, 0x00000007c0000000)
  region size 1024K, 24 young (24576K), 3 survivors (3072K)
 Metaspace       used 16496K, capacity 16999K, committed 17024K, reserved 1064960K
  class space    used 1700K, capacity 1915K, committed 1920K, reserved 1048576K
}
Event: 0.600 GC heap after
{Heap after GC invocations=2 (full 0):
 garbage-first heap   total 262144K, used 28864K [0x00000006c0000000, 0x00000007c0000000)
  region size 1024K, 3 young (3072K), 3 survivors (3072K)
 Metaspace       used 16496K, capacity 16999K, committed 17024K, reserved 1064960K
  class space    used 1700K, capacity 1915K, committed 1920K, reserved 1048576K
}
Event: 0.727 GC heap before
{Heap before GC invocations=2 (full 0):
 garbage-first heap   total 262144K, used 58560K [0x00000006c0000000, 0x00000007c0000000)
  region size 1024K, 33 young (33792K), 3 survivors (3072K)
 Metaspace       used 16634K, capacity 17127K, committed 17280K, reserved 1064960K
  class space    used 1701K, capacity 1915K, committed 1920K, reserved 1048576K
}
Event: 0.729 GC heap after
{Heap after GC invocations=3 (full 0):
 garbage-first heap   total 262144K, used 53184K [0x00000006c0000000, 0x00000007c0000000)
  region size 1024K, 5 young (5120K), 5 survivors (5120K)
 Metaspace       used 16634K, capacity 17127K, committed 17280K, reserved 1064960K
  class space    used 1701K, capacity 1915K, committed 1920K, reserved 1048576K
}
Event: 0.870 GC heap before
{Heap before GC invocations=3 (full 0):
 garbage-first heap   total 262144K, used 90048K [0x00000006c0000000, 0x00000007c0000000)
  region size 1024K, 42 young (43008K), 5 survivors (5120K)
 Metaspace       used 16752K, capacity 17266K, committed 17280K, reserved 1064960K
  class space    used 1701K, capacity 1915K, committed 1920K, reserved 1048576K
}
Event: 0.873 GC heap after
{Heap after GC invocations=4 (full 0):
 garbage-first heap   total 262144K, used 83136K [0x00000006c0000000, 0x00000007c0000000)
  region size 1024K, 6 young (6144K), 6 survivors (6144K)
 Metaspace       used 16752K, capacity 17266K, committed 17280K, reserved 1064960K
  class space    used 1701K, capacity 1915K, committed 1920K, reserved 1048576K
}
Event: 1.041 GC heap before
{Heap before GC invocations=4 (full 0):
 garbage-first heap   total 262144K, used 130240K [0x00000006c0000000, 0x00000007c0000000)
  region size 1024K, 53 young (54272K), 6 survivors (6144K)
 Metaspace       used 16850K, capacity 17334K, committed 17536K, reserved 1064960K
  class space    used 1701K, capacity 1915K, committed 1920K, reserved 1048576K
}
Event: 1.045 GC heap after
{Heap after GC invocations=5 (full 0):
 garbage-first heap   total 320512K, used 121621K [0x00000006c0000000, 0x00000007c0000000)
  region size 1024K, 7 young (7168K), 7 survivors (7168K)
 Metaspace       used 16850K, capacity 17334K, committed 17536K, reserved 1064960K
  class space    used 1701K, capacity 1915K, committed 1920K, reserved 1048576K
}
Event: 1.273 GC heap before
{Heap before GC invocations=5 (full 0):
 garbage-first heap   total 320512K, used 153365K [0x00000006c0000000, 0x00000007c0000000)
  region size 1024K, 36 young (36864K), 7 survivors (7168K)
 Metaspace       used 20588K, capacity 21139K, committed 21248K, reserved 1069056K
  class space    used 2254K, capacity 2502K, committed 2560K, reserved 1048576K
}
Event: 1.276 GC heap after
{Heap after GC invocations=6 (full 0):
 garbage-first heap   total 320512K, used 147084K [0x00000006c0000000, 0x00000007c0000000)
  region size 1024K, 8 young (8192K), 8 survivors (8192K)
 Metaspace       used 20588K, capacity 21139K, committed 21248K, reserved 1069056K
  class space    used 2254K, capacity 2502K, committed 2560K, reserved 1048576K
}

