# JRE version: OpenJDK Runtime Environment (11.0.13+8) (build 11.0.13+8-LTS)
# Java VM: OpenJDK 64-Bit Server VM (11.0.13+8-LTS, mixed mode, tiered, compressed oops, g1 gc, bsd-aarch64)
Heap:
 garbage-first heap   total 287744K, used 155341K [0x00000006c0000000, 0x00000007c0000000)
  region size 1024K, 12 young (12288K), 6 survivors (6144K)
 Metaspace       used 25919K, capacity 26775K, committed 26880K, reserved 1073152K
  class space    used 2987K, capacity 3323K, committed 3328K, reserved 1048576K
GC Heap History (10 events):
Event: 0.505 GC heap before
{Heap before GC invocations=0 (full 0):
 garbage-first heap   total 262144K, used 23552K [0x00000006c0000000, 0x00000007c0000000)
  region size 1024K, 24 young (24576K), 0 survivors (0K)
 Metaspace       used 16585K, capacity 17155K, committed 17408K, reserved 1064960K
  class space    used 1753K, capacity 1974K, committed 2048K, reserved 1048576K
}
Event: 0.508 GC heap after
{Heap after GC invocations=1 (full 0):
 garbage-first heap   total 262144K, used 7592K [0x00000006c0000000, 0x00000007c0000000)
  region size 1024K, 3 young (3072K), 3 survivors (3072K)
 Metaspace       used 16585K, capacity 17155K, committed 17408K, reserved 1064960K
  class space    used 1753K, capacity 1974K, committed 2048K, reserved 1048576K
}
Event: 1.183 GC heap before
{Heap before GC invocations=1 (full 0):
 garbage-first heap   total 262144K, used 160168K [0x00000006c0000000, 0x00000007c0000000)
  region size 1024K, 153 young (156672K), 3 survivors (3072K)
 Metaspace       used 17265K, capacity 17772K, committed 17920K, reserved 1064960K
  class space    used 1754K, capacity 1975K, committed 2048K, reserved 1048576K
}
Event: 1.204 GC heap after
{Heap after GC invocations=2 (full 0):
 garbage-first heap   total 287744K, used 130432K [0x00000006c0000000, 0x00000007c0000000)
  region size 1024K, 20 young (20480K), 20 survivors (20480K)
 Metaspace       used 17265K, capacity 17772K, committed 17920K, reserved 1064960K
  class space    used 1754K, capacity 1975K, committed 2048K, reserved 1048576K
}
Event: 1.245 GC heap before
{Heap before GC invocations=2 (full 0):
 garbage-first heap   total 287744K, used 139648K [0x00000006c0000000, 0x00000007c0000000)
  region size 1024K, 29 young (29696K), 20 survivors (20480K)
 Metaspace       used 17270K, capacity 17772K, committed 17920K, reserved 1064960K
  class space    used 1754K, capacity 1975K, committed 2048K, reserved 1048576K
}
Event: 1.247 GC heap after
{Heap after GC invocations=3 (full 0):
 garbage-first heap   total 287744K, used 137514K [0x00000006c0000000, 0x00000007c0000000)
  region size 1024K, 4 young (4096K), 4 survivors (4096K)
 Metaspace       used 17270K, capacity 17772K, committed 17920K, reserved 1064960K
  class space    used 1754K, capacity 1975K, committed 2048K, reserved 1048576K
}
Event: 1.271 GC heap before
{Heap before GC invocations=3 (full 0):
 garbage-first heap   total 287744K, used 140586K [0x00000006c0000000, 0x00000007c0000000)
  region size 1024K, 8 young (8192K), 4 survivors (4096K)
 Metaspace       used 17749K, capacity 18229K, committed 18432K, reserved 1064960K
  class space    used 1822K, capacity 2042K, committed 2048K, reserved 1048576K
}
Event: 1.274 GC heap after
{Heap after GC invocations=4 (full 0):
 garbage-first heap   total 287744K, used 139858K [0x00000006c0000000, 0x00000007c0000000)
  region size 1024K, 3 young (3072K), 3 survivors (3072K)
 Metaspace       used 17749K, capacity 18229K, committed 18432K, reserved 1064960K
  class space    used 1822K, capacity 2042K, committed 2048K, reserved 1048576K
}
Event: 1.794 GC heap before
{Heap before GC invocations=5 (full 0):
 garbage-first heap   total 287744K, used 155218K [0x00000006c0000000, 0x00000007c0000000)
  region size 1024K, 16 young (16384K), 3 survivors (3072K)
 Metaspace       used 25106K, capacity 25955K, committed 26112K, reserved 1073152K
  class space    used 2950K, capacity 3308K, committed 3328K, reserved 1048576K
}
Event: 1.796 GC heap after
{Heap after GC invocations=6 (full 0):
 garbage-first heap   total 287744K, used 148173K [0x00000006c0000000, 0x00000007c0000000)
  region size 1024K, 6 young (6144K), 6 survivors (6144K)
 Metaspace       used 25106K, capacity 25955K, committed 26112K, reserved 1073152K
  class space    used 2950K, capacity 3308K, committed 3328K, reserved 1048576K
}

