# JRE version: OpenJDK Runtime Environment (11.0.13+8) (build 11.0.13+8-LTS)
# Java VM: OpenJDK 64-Bit Server VM (11.0.13+8-LTS, mixed mode, tiered, compressed oops, g1 gc, bsd-aarch64)
Heap:
 garbage-first heap   total 448512K, used 284232K [0x00000006c0000000, 0x00000007c0000000)
  region size 1024K, 52 young (53248K), 11 survivors (11264K)
 Metaspace       used 28173K, capacity 29073K, committed 29312K, reserved 1075200K
  class space    used 3261K, capacity 3650K, committed 3712K, reserved 1048576K
GC Heap History (16 events):
Event: 0.491 GC heap before
{Heap before GC invocations=0 (full 0):
 garbage-first heap   total 262144K, used 23552K [0x00000006c0000000, 0x00000007c0000000)
  region size 1024K, 24 young (24576K), 0 survivors (0K)
 Metaspace       used 16258K, capacity 16792K, committed 17024K, reserved 1064960K
  class space    used 1700K, capacity 1915K, committed 1920K, reserved 1048576K
}
Event: 0.495 GC heap after
{Heap after GC invocations=1 (full 0):
 garbage-first heap   total 262144K, used 11952K [0x00000006c0000000, 0x00000007c0000000)
  region size 1024K, 3 young (3072K), 3 survivors (3072K)
 Metaspace       used 16258K, capacity 16792K, committed 17024K, reserved 1064960K
  class space    used 1700K, capacity 1915K, committed 1920K, reserved 1048576K
}
Event: 0.617 GC heap before
{Heap before GC invocations=1 (full 0):
 garbage-first heap   total 262144K, used 32432K [0x00000006c0000000, 0x00000007c0000000)
  region size 1024K, 24 young (24576K), 3 survivors (3072K)
 Metaspace       used 16481K, capacity 17000K, committed 17024K, reserved 1064960K
  class space    used 1700K, capacity 1916K, committed 1920K, reserved 1048576K
}
Event: 0.621 GC heap after
{Heap after GC invocations=2 (full 0):
 garbage-first heap   total 262144K, used 29632K [0x00000006c0000000, 0x00000007c0000000)
  region size 1024K, 3 young (3072K), 3 survivors (3072K)
 Metaspace       used 16481K, capacity 17000K, committed 17024K, reserved 1064960K
  class space    used 1700K, capacity 1916K, committed 1920K, reserved 1048576K
}
Event: 0.769 GC heap before
{Heap before GC invocations=2 (full 0):
 garbage-first heap   total 262144K, used 59328K [0x00000006c0000000, 0x00000007c0000000)
  region size 1024K, 33 young (33792K), 3 survivors (3072K)
 Metaspace       used 16607K, capacity 17129K, committed 17280K, reserved 1064960K
  class space    used 1701K, capacity 1916K, committed 1920K, reserved 1048576K
}
Event: 0.772 GC heap after
{Heap after GC invocations=3 (full 0):
 garbage-first heap   total 262144K, used 53632K [0x00000006c0000000, 0x00000007c0000000)
  region size 1024K, 5 young (5120K), 5 survivors (5120K)
 Metaspace       used 16607K, capacity 17129K, committed 17280K, reserved 1064960K
  class space    used 1701K, capacity 1916K, committed 1920K, reserved 1048576K
}
Event: 0.933 GC heap before
{Heap before GC invocations=3 (full 0):
 garbage-first heap   total 262144K, used 90496K [0x00000006c0000000, 0x00000007c0000000)
  region size 1024K, 41 young (41984K), 5 survivors (5120K)
 Metaspace       used 16732K, capacity 17264K, committed 17280K, reserved 1064960K
  class space    used 1701K, capacity 1916K, committed 1920K, reserved 1048576K
}
Event: 0.973 GC heap after
{Heap after GC invocations=4 (full 0):
 garbage-first heap   total 262144K, used 82892K [0x00000006c0000000, 0x00000007c0000000)
  region size 1024K, 6 young (6144K), 6 survivors (6144K)
 Metaspace       used 16732K, capacity 17264K, committed 17280K, reserved 1064960K
  class space    used 1701K, capacity 1916K, committed 1920K, reserved 1048576K
}
Event: 1.182 GC heap before
{Heap before GC invocations=4 (full 0):
 garbage-first heap   total 262144K, used 128972K [0x00000006c0000000, 0x00000007c0000000)
  region size 1024K, 52 young (53248K), 6 survivors (6144K)
 Metaspace       used 17120K, capacity 17633K, committed 17920K, reserved 1064960K
  class space    used 1725K, capacity 1951K, committed 2048K, reserved 1048576K
}
Event: 1.186 GC heap after
{Heap after GC invocations=5 (full 0):
 garbage-first heap   total 448512K, used 119770K [0x00000006c0000000, 0x00000007c0000000)
  region size 1024K, 7 young (7168K), 7 survivors (7168K)
 Metaspace       used 17120K, capacity 17633K, committed 17920K, reserved 1064960K
  class space    used 1725K, capacity 1951K, committed 2048K, reserved 1048576K
}
Event: 1.468 GC heap before
{Heap before GC invocations=5 (full 0):
 garbage-first heap   total 448512K, used 155610K [0x00000006c0000000, 0x00000007c0000000)
  region size 1024K, 39 young (39936K), 7 survivors (7168K)
 Metaspace       used 20584K, capacity 21141K, committed 21248K, reserved 1069056K
  class space    used 2255K, capacity 2503K, committed 2560K, reserved 1048576K
}
Event: 1.472 GC heap after
{Heap after GC invocations=6 (full 0):
 garbage-first heap   total 448512K, used 146545K [0x00000006c0000000, 0x00000007c0000000)
  region size 1024K, 9 young (9216K), 9 survivors (9216K)
 Metaspace       used 20584K, capacity 21141K, committed 21248K, reserved 1069056K
  class space    used 2255K, capacity 2503K, committed 2560K, reserved 1048576K
}
Event: 8.317 GC heap before
{Heap before GC invocations=7 (full 0):
 garbage-first heap   total 448512K, used 183409K [0x00000006c0000000, 0x00000007c0000000)
  region size 1024K, 44 young (45056K), 9 survivors (9216K)
 Metaspace       used 27693K, capacity 28602K, committed 28800K, reserved 1075200K
  class space    used 3237K, capacity 3600K, committed 3712K, reserved 1048576K
}
Event: 8.321 GC heap after
{Heap after GC invocations=8 (full 0):
 garbage-first heap   total 448512K, used 170368K [0x00000006c0000000, 0x00000007c0000000)
  region size 1024K, 6 young (6144K), 6 survivors (6144K)
 Metaspace       used 27693K, capacity 28602K, committed 28800K, reserved 1075200K
  class space    used 3237K, capacity 3600K, committed 3712K, reserved 1048576K
}
Event: 8.628 GC heap before
{Heap before GC invocations=8 (full 0):
 garbage-first heap   total 448512K, used 247168K [0x00000006c0000000, 0x00000007c0000000)
  region size 1024K, 82 young (83968K), 6 survivors (6144K)
 Metaspace       used 27725K, capacity 28666K, committed 29056K, reserved 1075200K
  class space    used 3237K, capacity 3600K, committed 3712K, reserved 1048576K
}
Event: 8.638 GC heap after
{Heap after GC invocations=9 (full 0):
 garbage-first heap   total 448512K, used 244296K [0x00000006c0000000, 0x00000007c0000000)
  region size 1024K, 11 young (11264K), 11 survivors (11264K)
 Metaspace       used 27725K, capacity 28666K, committed 29056K, reserved 1075200K
  class space    used 3237K, capacity 3600K, committed 3712K, reserved 1048576K
}

