# JRE version: OpenJDK Runtime Environment (11.0.13+8) (build 11.0.13+8-LTS)
# Java VM: OpenJDK 64-Bit Server VM (11.0.13+8-LTS, mixed mode, tiered, compressed oops, g1 gc, bsd-aarch64)
Heap:
 garbage-first heap   total 315392K, used 161285K [0x00000006c0000000, 0x00000007c0000000)
  region size 1024K, 22 young (22528K), 8 survivors (8192K)
 Metaspace       used 25498K, capacity 26311K, committed 26624K, reserved 1073152K
  class space    used 2951K, capacity 3296K, committed 3328K, reserved 1048576K
GC Heap History (12 events):
Event: 0.448 GC heap before
{Heap before GC invocations=0 (full 0):
 garbage-first heap   total 262144K, used 23552K [0x00000006c0000000, 0x00000007c0000000)
  region size 1024K, 24 young (24576K), 0 survivors (0K)
 Metaspace       used 16251K, capacity 16790K, committed 17024K, reserved 1064960K
  class space    used 1695K, capacity 1914K, committed 1920K, reserved 1048576K
}
Event: 0.451 GC heap after
{Heap after GC invocations=1 (full 0):
 garbage-first heap   total 262144K, used 11349K [0x00000006c0000000, 0x00000007c0000000)
  region size 1024K, 3 young (3072K), 3 survivors (3072K)
 Metaspace       used 16251K, capacity 16790K, committed 17024K, reserved 1064960K
  class space    used 1695K, capacity 1914K, committed 1920K, reserved 1048576K
}
Event: 0.547 GC heap before
{Heap before GC invocations=1 (full 0):
 garbage-first heap   total 262144K, used 31829K [0x00000006c0000000, 0x00000007c0000000)
  region size 1024K, 24 young (24576K), 3 survivors (3072K)
 Metaspace       used 16449K, capacity 16994K, committed 17280K, reserved 1064960K
  class space    used 1696K, capacity 1915K, committed 1920K, reserved 1048576K
}
Event: 0.550 GC heap after
{Heap after GC invocations=2 (full 0):
 garbage-first heap   total 262144K, used 28416K [0x00000006c0000000, 0x00000007c0000000)
  region size 1024K, 3 young (3072K), 3 survivors (3072K)
 Metaspace       used 16449K, capacity 16994K, committed 17280K, reserved 1064960K
  class space    used 1696K, capacity 1915K, committed 1920K, reserved 1048576K
}
Event: 0.678 GC heap before
{Heap before GC invocations=2 (full 0):
 garbage-first heap   total 262144K, used 60160K [0x00000006c0000000, 0x00000007c0000000)
  region size 1024K, 35 young (35840K), 3 survivors (3072K)
 Metaspace       used 16610K, capacity 17127K, committed 17280K, reserved 1064960K
  class space    used 1696K, capacity 1915K, committed 1920K, reserved 1048576K
}
Event: 0.680 GC heap after
{Heap after GC invocations=3 (full 0):
 garbage-first heap   total 262144K, used 54656K [0x00000006c0000000, 0x00000007c0000000)
  region size 1024K, 5 young (5120K), 5 survivors (5120K)
 Metaspace       used 16610K, capacity 17127K, committed 17280K, reserved 1064960K
  class space    used 1696K, capacity 1915K, committed 1920K, reserved 1048576K
}
Event: 0.817 GC heap before
{Heap before GC invocations=3 (full 0):
 garbage-first heap   total 262144K, used 91520K [0x00000006c0000000, 0x00000007c0000000)
  region size 1024K, 42 young (43008K), 5 survivors (5120K)
 Metaspace       used 16750K, capacity 17266K, committed 17536K, reserved 1064960K
  class space    used 1696K, capacity 1915K, committed 1920K, reserved 1048576K
}
Event: 0.822 GC heap after
{Heap after GC invocations=4 (full 0):
 garbage-first heap   total 262144K, used 84352K [0x00000006c0000000, 0x00000007c0000000)
  region size 1024K, 6 young (6144K), 6 survivors (6144K)
 Metaspace       used 16750K, capacity 17266K, committed 17536K, reserved 1064960K
  class space    used 1696K, capacity 1915K, committed 1920K, reserved 1048576K
}
Event: 0.984 GC heap before
{Heap before GC invocations=4 (full 0):
 garbage-first heap   total 262144K, used 131456K [0x00000006c0000000, 0x00000007c0000000)
  region size 1024K, 53 young (54272K), 6 survivors (6144K)
 Metaspace       used 16834K, capacity 17334K, committed 17536K, reserved 1064960K
  class space    used 1696K, capacity 1915K, committed 1920K, reserved 1048576K
}
Event: 0.988 GC heap after
{Heap after GC invocations=5 (full 0):
 garbage-first heap   total 315392K, used 122635K [0x00000006c0000000, 0x00000007c0000000)
  region size 1024K, 7 young (7168K), 7 survivors (7168K)
 Metaspace       used 16834K, capacity 17334K, committed 17536K, reserved 1064960K
  class space    used 1696K, capacity 1915K, committed 1920K, reserved 1048576K
}
Event: 1.187 GC heap before
{Heap before GC invocations=5 (full 0):
 garbage-first heap   total 315392K, used 153355K [0x00000006c0000000, 0x00000007c0000000)
  region size 1024K, 34 young (34816K), 7 survivors (7168K)
 Metaspace       used 20486K, capacity 21038K, committed 21248K, reserved 1069056K
  class space    used 2243K, capacity 2468K, committed 2560K, reserved 1048576K
}
Event: 1.190 GC heap after
{Heap after GC invocations=6 (full 0):
 garbage-first heap   total 315392K, used 145925K [0x00000006c0000000, 0x00000007c0000000)
  region size 1024K, 8 young (8192K), 8 survivors (8192K)
 Metaspace       used 20486K, capacity 21038K, committed 21248K, reserved 1069056K
  class space    used 2243K, capacity 2468K, committed 2560K, reserved 1048576K
}

