# JRE version: OpenJDK Runtime Environment (11.0.13+8) (build 11.0.13+8-LTS)
# Java VM: OpenJDK 64-Bit Server VM (11.0.13+8-LTS, mixed mode, tiered, compressed oops, g1 gc, bsd-aarch64)
Heap:
 garbage-first heap   total 315392K, used 167661K [0x00000006c0000000, 0x00000007c0000000)
  region size 1024K, 14 young (14336K), 7 survivors (7168K)
 Metaspace       used 28657K, capacity 29600K, committed 29824K, reserved 1075200K
  class space    used 3259K, capacity 3653K, committed 3712K, reserved 1048576K
GC Heap History (20 events):
Event: 0.987 GC heap before
{Heap before GC invocations=4 (full 0):
 garbage-first heap   total 262144K, used 137802K [0x00000006c0000000, 0x00000007c0000000)
  region size 1024K, 53 young (54272K), 6 survivors (6144K)
 Metaspace       used 16850K, capacity 17336K, committed 17536K, reserved 1064960K
  class space    used 1696K, capacity 1916K, committed 1920K, reserved 1048576K
}
Event: 0.991 GC heap after
{Heap after GC invocations=5 (full 0):
 garbage-first heap   total 315392K, used 128198K [0x00000006c0000000, 0x00000007c0000000)
  region size 1024K, 7 young (7168K), 7 survivors (7168K)
 Metaspace       used 16850K, capacity 17336K, committed 17536K, reserved 1064960K
  class space    used 1696K, capacity 1916K, committed 1920K, reserved 1048576K
}
Event: 1.167 GC heap before
{Heap before GC invocations=5 (full 0):
 garbage-first heap   total 315392K, used 153798K [0x00000006c0000000, 0x00000007c0000000)
  region size 1024K, 29 young (29696K), 7 survivors (7168K)
 Metaspace       used 20494K, capacity 21008K, committed 21248K, reserved 1069056K
  class space    used 2240K, capacity 2437K, committed 2560K, reserved 1048576K
}
Event: 1.170 GC heap after
{Heap after GC invocations=6 (full 0):
 garbage-first heap   total 315392K, used 146876K [0x00000006c0000000, 0x00000007c0000000)
  region size 1024K, 8 young (8192K), 8 survivors (8192K)
 Metaspace       used 20494K, capacity 21008K, committed 21248K, reserved 1069056K
  class space    used 2240K, capacity 2437K, committed 2560K, reserved 1048576K
}
Event: 1.473 GC heap before
{Heap before GC invocations=7 (full 0):
 garbage-first heap   total 315392K, used 154044K [0x00000006c0000000, 0x00000007c0000000)
  region size 1024K, 15 young (15360K), 8 survivors (8192K)
 Metaspace       used 24619K, capacity 25441K, committed 25600K, reserved 1071104K
  class space    used 2894K, capacity 3222K, committed 3328K, reserved 1048576K
}
Event: 1.475 GC heap after
{Heap after GC invocations=8 (full 0):
 garbage-first heap   total 315392K, used 148619K [0x00000006c0000000, 0x00000007c0000000)
  region size 1024K, 2 young (2048K), 2 survivors (2048K)
 Metaspace       used 24619K, capacity 25441K, committed 25600K, reserved 1071104K
  class space    used 2894K, capacity 3222K, committed 3328K, reserved 1048576K
}
Event: 1.480 GC heap before
{Heap before GC invocations=8 (full 0):
 garbage-first heap   total 315392K, used 148619K [0x00000006c0000000, 0x00000007c0000000)
  region size 1024K, 3 young (3072K), 2 survivors (2048K)
 Metaspace       used 24843K, capacity 25668K, committed 25856K, reserved 1071104K
  class space    used 2910K, capacity 3255K, committed 3328K, reserved 1048576K
}
Event: 1.481 GC heap after
{Heap after GC invocations=9 (full 0):
 garbage-first heap   total 315392K, used 149061K [0x00000006c0000000, 0x00000007c0000000)
  region size 1024K, 3 young (3072K), 3 survivors (3072K)
 Metaspace       used 24843K, capacity 25668K, committed 25856K, reserved 1071104K
  class space    used 2910K, capacity 3255K, committed 3328K, reserved 1048576K
}
Event: 6.577 GC heap before
{Heap before GC invocations=10 (full 0):
 garbage-first heap   total 315392K, used 197189K [0x00000006c0000000, 0x00000007c0000000)
  region size 1024K, 49 young (50176K), 3 survivors (3072K)
 Metaspace       used 27792K, capacity 28737K, committed 29056K, reserved 1075200K
  class space    used 3235K, capacity 3604K, committed 3712K, reserved 1048576K
}
Event: 6.582 GC heap after
{Heap after GC invocations=11 (full 0):
 garbage-first heap   total 315392K, used 187784K [0x00000006c0000000, 0x00000007c0000000)
  region size 1024K, 7 young (7168K), 7 survivors (7168K)
 Metaspace       used 27792K, capacity 28737K, committed 29056K, reserved 1075200K
  class space    used 3235K, capacity 3604K, committed 3712K, reserved 1048576K
}
Event: 6.708 GC heap before
{Heap before GC invocations=11 (full 0):
 garbage-first heap   total 315392K, used 219528K [0x00000006c0000000, 0x00000007c0000000)
  region size 1024K, 39 young (39936K), 7 survivors (7168K)
 Metaspace       used 27810K, capacity 28737K, committed 29056K, reserved 1075200K
  class space    used 3235K, capacity 3604K, committed 3712K, reserved 1048576K
}
Event: 6.712 GC heap after
{Heap after GC invocations=12 (full 0):
 garbage-first heap   total 315392K, used 218533K [0x00000006c0000000, 0x00000007c0000000)
  region size 1024K, 5 young (5120K), 5 survivors (5120K)
 Metaspace       used 27810K, capacity 28737K, committed 29056K, reserved 1075200K
  class space    used 3235K, capacity 3604K, committed 3712K, reserved 1048576K
}
Event: 6.797 GC heap before
{Heap before GC invocations=13 (full 0):
 garbage-first heap   total 315392K, used 145829K [0x00000006c0000000, 0x00000007c0000000)
  region size 1024K, 26 young (26624K), 5 survivors (5120K)
 Metaspace       used 27814K, capacity 28737K, committed 29056K, reserved 1075200K
  class space    used 3235K, capacity 3604K, committed 3712K, reserved 1048576K
}
Event: 6.798 GC heap after
{Heap after GC invocations=14 (full 0):
 garbage-first heap   total 315392K, used 145600K [0x00000006c0000000, 0x00000007c0000000)
  region size 1024K, 4 young (4096K), 4 survivors (4096K)
 Metaspace       used 27814K, capacity 28737K, committed 29056K, reserved 1075200K
  class space    used 3235K, capacity 3604K, committed 3712K, reserved 1048576K
}
Event: 6.841 GC heap before
{Heap before GC invocations=14 (full 0):
 garbage-first heap   total 315392K, used 155840K [0x00000006c0000000, 0x00000007c0000000)
  region size 1024K, 15 young (15360K), 4 survivors (4096K)
 Metaspace       used 27814K, capacity 28737K, committed 29056K, reserved 1075200K
  class space    used 3235K, capacity 3604K, committed 3712K, reserved 1048576K
}
Event: 6.842 GC heap after
{Heap after GC invocations=15 (full 0):
 garbage-first heap   total 315392K, used 124295K [0x00000006c0000000, 0x00000007c0000000)
  region size 1024K, 2 young (2048K), 2 survivors (2048K)
 Metaspace       used 27814K, capacity 28737K, committed 29056K, reserved 1075200K
  class space    used 3235K, capacity 3604K, committed 3712K, reserved 1048576K
}
Event: 6.893 GC heap before
{Heap before GC invocations=15 (full 0):
 garbage-first heap   total 315392K, used 136583K [0x00000006c0000000, 0x00000007c0000000)
  region size 1024K, 15 young (15360K), 2 survivors (2048K)
 Metaspace       used 27814K, capacity 28737K, committed 29056K, reserved 1075200K
  class space    used 3235K, capacity 3604K, committed 3712K, reserved 1048576K
}
Event: 6.894 GC heap after
{Heap after GC invocations=16 (full 0):
 garbage-first heap   total 315392K, used 134541K [0x00000006c0000000, 0x00000007c0000000)
  region size 1024K, 2 young (2048K), 2 survivors (2048K)
 Metaspace       used 27814K, capacity 28737K, committed 29056K, reserved 1075200K
  class space    used 3235K, capacity 3604K, committed 3712K, reserved 1048576K
}
Event: 45.406 GC heap before
{Heap before GC invocations=16 (full 0):
 garbage-first heap   total 315392K, used 182669K [0x00000006c0000000, 0x00000007c0000000)
  region size 1024K, 50 young (51200K), 2 survivors (2048K)
 Metaspace       used 28645K, capacity 29597K, committed 29824K, reserved 1075200K
  class space    used 3259K, capacity 3653K, committed 3712K, reserved 1048576K
}
Event: 45.408 GC heap after
{Heap after GC invocations=17 (full 0):
 garbage-first heap   total 315392K, used 161517K [0x00000006c0000000, 0x00000007c0000000)
  region size 1024K, 7 young (7168K), 7 survivors (7168K)
 Metaspace       used 28645K, capacity 29597K, committed 29824K, reserved 1075200K
  class space    used 3259K, capacity 3653K, committed 3712K, reserved 1048576K
}

