# JRE version: OpenJDK Runtime Environment (11.0.13+8) (build 11.0.13+8-LTS)
# Java VM: OpenJDK 64-Bit Server VM (11.0.13+8-LTS, mixed mode, tiered, compressed oops, g1 gc, bsd-aarch64)
Heap:
 garbage-first heap   total 324608K, used 162381K [0x00000006c0000000, 0x00000007c0000000)
  region size 1024K, 32 young (32768K), 2 survivors (2048K)
 Metaspace       used 28526K, capacity 29460K, committed 29568K, reserved 1075200K
  class space    used 3261K, capacity 3650K, committed 3712K, reserved 1048576K
GC Heap History (20 events):
Event: 0.568 GC heap before
{Heap before GC invocations=1 (full 0):
 garbage-first heap   total 262144K, used 32385K [0x00000006c0000000, 0x00000007c0000000)
  region size 1024K, 24 young (24576K), 3 survivors (3072K)
 Metaspace       used 16476K, capacity 17000K, committed 17024K, reserved 1064960K
  class space    used 1701K, capacity 1916K, committed 1920K, reserved 1048576K
}
Event: 0.572 GC heap after
{Heap after GC invocations=2 (full 0):
 garbage-first heap   total 262144K, used 28864K [0x00000006c0000000, 0x00000007c0000000)
  region size 1024K, 3 young (3072K), 3 survivors (3072K)
 Metaspace       used 16476K, capacity 17000K, committed 17024K, reserved 1064960K
  class space    used 1701K, capacity 1916K, committed 1920K, reserved 1048576K
}
Event: 0.701 GC heap before
{Heap before GC invocations=2 (full 0):
 garbage-first heap   total 262144K, used 58560K [0x00000006c0000000, 0x00000007c0000000)
  region size 1024K, 33 young (33792K), 3 survivors (3072K)
 Metaspace       used 16617K, capacity 17129K, committed 17280K, reserved 1064960K
  class space    used 1702K, capacity 1916K, committed 1920K, reserved 1048576K
}
Event: 0.703 GC heap after
{Heap after GC invocations=3 (full 0):
 garbage-first heap   total 262144K, used 53203K [0x00000006c0000000, 0x00000007c0000000)
  region size 1024K, 5 young (5120K), 5 survivors (5120K)
 Metaspace       used 16617K, capacity 17129K, committed 17280K, reserved 1064960K
  class space    used 1702K, capacity 1916K, committed 1920K, reserved 1048576K
}
Event: 0.846 GC heap before
{Heap before GC invocations=3 (full 0):
 garbage-first heap   total 262144K, used 90067K [0x00000006c0000000, 0x00000007c0000000)
  region size 1024K, 41 young (41984K), 5 survivors (5120K)
 Metaspace       used 16747K, capacity 17268K, committed 17280K, reserved 1064960K
  class space    used 1702K, capacity 1916K, committed 1920K, reserved 1048576K
}
Event: 0.849 GC heap after
{Heap after GC invocations=4 (full 0):
 garbage-first heap   total 262144K, used 82505K [0x00000006c0000000, 0x00000007c0000000)
  region size 1024K, 6 young (6144K), 6 survivors (6144K)
 Metaspace       used 16747K, capacity 17268K, committed 17280K, reserved 1064960K
  class space    used 1702K, capacity 1916K, committed 1920K, reserved 1048576K
}
Event: 1.022 GC heap before
{Heap before GC invocations=4 (full 0):
 garbage-first heap   total 262144K, used 129609K [0x00000006c0000000, 0x00000007c0000000)
  region size 1024K, 52 young (53248K), 6 survivors (6144K)
 Metaspace       used 16850K, capacity 17336K, committed 17536K, reserved 1064960K
  class space    used 1702K, capacity 1916K, committed 1920K, reserved 1048576K
}
Event: 1.026 GC heap after
{Heap after GC invocations=5 (full 0):
 garbage-first heap   total 324608K, used 120201K [0x00000006c0000000, 0x00000007c0000000)
  region size 1024K, 7 young (7168K), 7 survivors (7168K)
 Metaspace       used 16850K, capacity 17336K, committed 17536K, reserved 1064960K
  class space    used 1702K, capacity 1916K, committed 1920K, reserved 1048576K
}
Event: 1.255 GC heap before
{Heap before GC invocations=5 (full 0):
 garbage-first heap   total 324608K, used 156041K [0x00000006c0000000, 0x00000007c0000000)
  region size 1024K, 39 young (39936K), 7 survivors (7168K)
 Metaspace       used 20584K, capacity 21141K, committed 21248K, reserved 1069056K
  class space    used 2256K, capacity 2503K, committed 2560K, reserved 1048576K
}
Event: 1.259 GC heap after
{Heap after GC invocations=6 (full 0):
 garbage-first heap   total 324608K, used 147340K [0x00000006c0000000, 0x00000007c0000000)
  region size 1024K, 8 young (8192K), 8 survivors (8192K)
 Metaspace       used 20584K, capacity 21141K, committed 21248K, reserved 1069056K
  class space    used 2256K, capacity 2503K, committed 2560K, reserved 1048576K
}
Event: 7.966 GC heap before
{Heap before GC invocations=7 (full 0):
 garbage-first heap   total 324608K, used 185228K [0x00000006c0000000, 0x00000007c0000000)
  region size 1024K, 44 young (45056K), 8 survivors (8192K)
 Metaspace       used 27878K, capacity 28795K, committed 29056K, reserved 1075200K
  class space    used 3236K, capacity 3600K, committed 3712K, reserved 1048576K
}
Event: 7.970 GC heap after
{Heap after GC invocations=8 (full 0):
 garbage-first heap   total 324608K, used 172015K [0x00000006c0000000, 0x00000007c0000000)
  region size 1024K, 6 young (6144K), 6 survivors (6144K)
 Metaspace       used 27878K, capacity 28795K, committed 29056K, reserved 1075200K
  class space    used 3236K, capacity 3600K, committed 3712K, reserved 1048576K
}
Event: 8.142 GC heap before
{Heap before GC invocations=8 (full 0):
 garbage-first heap   total 324608K, used 213999K [0x00000006c0000000, 0x00000007c0000000)
  region size 1024K, 48 young (49152K), 6 survivors (6144K)
 Metaspace       used 27906K, capacity 28795K, committed 29056K, reserved 1075200K
  class space    used 3236K, capacity 3600K, committed 3712K, reserved 1048576K
}
Event: 8.148 GC heap after
{Heap after GC invocations=9 (full 0):
 garbage-first heap   total 324608K, used 213039K [0x00000006c0000000, 0x00000007c0000000)
  region size 1024K, 6 young (6144K), 6 survivors (6144K)
 Metaspace       used 27906K, capacity 28795K, committed 29056K, reserved 1075200K
  class space    used 3236K, capacity 3600K, committed 3712K, reserved 1048576K
}
Event: 8.254 GC heap before
{Heap before GC invocations=10 (full 0):
 garbage-first heap   total 324608K, used 157743K [0x00000006c0000000, 0x00000007c0000000)
  region size 1024K, 32 young (32768K), 6 survivors (6144K)
 Metaspace       used 27909K, capacity 28795K, committed 29056K, reserved 1075200K
  class space    used 3236K, capacity 3600K, committed 3712K, reserved 1048576K
}
Event: 8.255 GC heap after
{Heap after GC invocations=11 (full 0):
 garbage-first heap   total 324608K, used 156435K [0x00000006c0000000, 0x00000007c0000000)
  region size 1024K, 4 young (4096K), 4 survivors (4096K)
 Metaspace       used 27909K, capacity 28795K, committed 29056K, reserved 1075200K
  class space    used 3236K, capacity 3600K, committed 3712K, reserved 1048576K
}
Event: 8.299 GC heap before
{Heap before GC invocations=11 (full 0):
 garbage-first heap   total 324608K, used 166675K [0x00000006c0000000, 0x00000007c0000000)
  region size 1024K, 15 young (15360K), 4 survivors (4096K)
 Metaspace       used 27909K, capacity 28795K, committed 29056K, reserved 1075200K
  class space    used 3236K, capacity 3600K, committed 3712K, reserved 1048576K
}
Event: 8.300 GC heap after
{Heap after GC invocations=12 (full 0):
 garbage-first heap   total 324608K, used 133925K [0x00000006c0000000, 0x00000007c0000000)
  region size 1024K, 2 young (2048K), 2 survivors (2048K)
 Metaspace       used 27909K, capacity 28795K, committed 29056K, reserved 1075200K
  class space    used 3236K, capacity 3600K, committed 3712K, reserved 1048576K
}
Event: 8.352 GC heap before
{Heap before GC invocations=12 (full 0):
 garbage-first heap   total 324608K, used 146213K [0x00000006c0000000, 0x00000007c0000000)
  region size 1024K, 15 young (15360K), 2 survivors (2048K)
 Metaspace       used 27909K, capacity 28795K, committed 29056K, reserved 1075200K
  class space    used 3236K, capacity 3600K, committed 3712K, reserved 1048576K
}
Event: 8.352 GC heap after
{Heap after GC invocations=13 (full 0):
 garbage-first heap   total 324608K, used 133709K [0x00000006c0000000, 0x00000007c0000000)
  region size 1024K, 2 young (2048K), 2 survivors (2048K)
 Metaspace       used 27909K, capacity 28795K, committed 29056K, reserved 1075200K
  class space    used 3236K, capacity 3600K, committed 3712K, reserved 1048576K
}

