# JRE version: OpenJDK Runtime Environment (11.0.13+8) (build 11.0.13+8-LTS)
# Java VM: OpenJDK 64-Bit Server VM (11.0.13+8-LTS, mixed mode, tiered, compressed oops, g1 gc, bsd-aarch64)
Heap:
 garbage-first heap   total 315392K, used 157691K [0x00000006c0000000, 0x00000007c0000000)
  region size 1024K, 18 young (18432K), 8 survivors (8192K)
 Metaspace       used 25417K, capacity 26244K, committed 26368K, reserved 1073152K
  class space    used 2960K, capacity 3296K, committed 3328K, reserved 1048576K
GC Heap History (12 events):
Event: 0.441 GC heap before
{Heap before GC invocations=0 (full 0):
 garbage-first heap   total 262144K, used 23552K [0x00000006c0000000, 0x00000007c0000000)
  region size 1024K, 24 young (24576K), 0 survivors (0K)
 Metaspace       used 16266K, capacity 16790K, committed 17024K, reserved 1064960K
  class space    used 1703K, capacity 1914K, committed 1920K, reserved 1048576K
}
Event: 0.445 GC heap after
{Heap after GC invocations=1 (full 0):
 garbage-first heap   total 262144K, used 11537K [0x00000006c0000000, 0x00000007c0000000)
  region size 1024K, 3 young (3072K), 3 survivors (3072K)
 Metaspace       used 16266K, capacity 16790K, committed 17024K, reserved 1064960K
  class space    used 1703K, capacity 1914K, committed 1920K, reserved 1048576K
}
Event: 0.540 GC heap before
{Heap before GC invocations=1 (full 0):
 garbage-first heap   total 262144K, used 32017K [0x00000006c0000000, 0x00000007c0000000)
  region size 1024K, 24 young (24576K), 3 survivors (3072K)
 Metaspace       used 16485K, capacity 16998K, committed 17024K, reserved 1064960K
  class space    used 1704K, capacity 1915K, committed 1920K, reserved 1048576K
}
Event: 0.543 GC heap after
{Heap after GC invocations=2 (full 0):
 garbage-first heap   total 262144K, used 28416K [0x00000006c0000000, 0x00000007c0000000)
  region size 1024K, 3 young (3072K), 3 survivors (3072K)
 Metaspace       used 16485K, capacity 16998K, committed 17024K, reserved 1064960K
  class space    used 1704K, capacity 1915K, committed 1920K, reserved 1048576K
}
Event: 0.667 GC heap before
{Heap before GC invocations=2 (full 0):
 garbage-first heap   total 262144K, used 61184K [0x00000006c0000000, 0x00000007c0000000)
  region size 1024K, 36 young (36864K), 3 survivors (3072K)
 Metaspace       used 16622K, capacity 17127K, committed 17280K, reserved 1064960K
  class space    used 1704K, capacity 1915K, committed 1920K, reserved 1048576K
}
Event: 0.669 GC heap after
{Heap after GC invocations=3 (full 0):
 garbage-first heap   total 262144K, used 55040K [0x00000006c0000000, 0x00000007c0000000)
  region size 1024K, 5 young (5120K), 5 survivors (5120K)
 Metaspace       used 16622K, capacity 17127K, committed 17280K, reserved 1064960K
  class space    used 1704K, capacity 1915K, committed 1920K, reserved 1048576K
}
Event: 0.803 GC heap before
{Heap before GC invocations=3 (full 0):
 garbage-first heap   total 262144K, used 91904K [0x00000006c0000000, 0x00000007c0000000)
  region size 1024K, 42 young (43008K), 5 survivors (5120K)
 Metaspace       used 16767K, capacity 17266K, committed 17280K, reserved 1064960K
  class space    used 1704K, capacity 1915K, committed 1920K, reserved 1048576K
}
Event: 0.806 GC heap after
{Heap after GC invocations=4 (full 0):
 garbage-first heap   total 262144K, used 85184K [0x00000006c0000000, 0x00000007c0000000)
  region size 1024K, 6 young (6144K), 6 survivors (6144K)
 Metaspace       used 16767K, capacity 17266K, committed 17280K, reserved 1064960K
  class space    used 1704K, capacity 1915K, committed 1920K, reserved 1048576K
}
Event: 0.971 GC heap before
{Heap before GC invocations=4 (full 0):
 garbage-first heap   total 262144K, used 134336K [0x00000006c0000000, 0x00000007c0000000)
  region size 1024K, 54 young (55296K), 6 survivors (6144K)
 Metaspace       used 16850K, capacity 17334K, committed 17536K, reserved 1064960K
  class space    used 1704K, capacity 1915K, committed 1920K, reserved 1048576K
}
Event: 0.975 GC heap after
{Heap after GC invocations=5 (full 0):
 garbage-first heap   total 315392K, used 124493K [0x00000006c0000000, 0x00000007c0000000)
  region size 1024K, 7 young (7168K), 7 survivors (7168K)
 Metaspace       used 16850K, capacity 17334K, committed 17536K, reserved 1064960K
  class space    used 1704K, capacity 1915K, committed 1920K, reserved 1048576K
}
Event: 1.169 GC heap before
{Heap before GC invocations=5 (full 0):
 garbage-first heap   total 315392K, used 154189K [0x00000006c0000000, 0x00000007c0000000)
  region size 1024K, 33 young (33792K), 7 survivors (7168K)
 Metaspace       used 20576K, capacity 21107K, committed 21248K, reserved 1069056K
  class space    used 2257K, capacity 2470K, committed 2560K, reserved 1048576K
}
Event: 1.172 GC heap after
{Heap after GC invocations=6 (full 0):
 garbage-first heap   total 315392K, used 146427K [0x00000006c0000000, 0x00000007c0000000)
  region size 1024K, 8 young (8192K), 8 survivors (8192K)
 Metaspace       used 20576K, capacity 21107K, committed 21248K, reserved 1069056K
  class space    used 2257K, capacity 2470K, committed 2560K, reserved 1048576K
}

