# JRE version: OpenJDK Runtime Environment (11.0.13+8) (build 11.0.13+8-LTS)
# Java VM: OpenJDK 64-Bit Server VM (11.0.13+8-LTS, mixed mode, tiered, compressed oops, g1 gc, bsd-aarch64)
Heap:
 garbage-first heap   total 315392K, used 156866K [0x00000006c0000000, 0x00000007c0000000)
  region size 1024K, 17 young (17408K), 8 survivors (8192K)
 Metaspace       used 25257K, capacity 26112K, committed 26368K, reserved 1073152K
  class space    used 2949K, capacity 3296K, committed 3328K, reserved 1048576K
GC Heap History (12 events):
Event: 0.476 GC heap before
{Heap before GC invocations=0 (full 0):
 garbage-first heap   total 262144K, used 23552K [0x00000006c0000000, 0x00000007c0000000)
  region size 1024K, 24 young (24576K), 0 survivors (0K)
 Metaspace       used 16277K, capacity 16850K, committed 17024K, reserved 1064960K
  class space    used 1695K, capacity 1914K, committed 1920K, reserved 1048576K
}
Event: 0.479 GC heap after
{Heap after GC invocations=1 (full 0):
 garbage-first heap   total 262144K, used 11446K [0x00000006c0000000, 0x00000007c0000000)
  region size 1024K, 3 young (3072K), 3 survivors (3072K)
 Metaspace       used 16277K, capacity 16850K, committed 17024K, reserved 1064960K
  class space    used 1695K, capacity 1914K, committed 1920K, reserved 1048576K
}
Event: 0.593 GC heap before
{Heap before GC invocations=1 (full 0):
 garbage-first heap   total 262144K, used 31926K [0x00000006c0000000, 0x00000007c0000000)
  region size 1024K, 24 young (24576K), 3 survivors (3072K)
 Metaspace       used 16444K, capacity 16993K, committed 17024K, reserved 1064960K
  class space    used 1695K, capacity 1915K, committed 1920K, reserved 1048576K
}
Event: 0.595 GC heap after
{Heap after GC invocations=2 (full 0):
 garbage-first heap   total 262144K, used 28864K [0x00000006c0000000, 0x00000007c0000000)
  region size 1024K, 3 young (3072K), 3 survivors (3072K)
 Metaspace       used 16444K, capacity 16993K, committed 17024K, reserved 1064960K
  class space    used 1695K, capacity 1915K, committed 1920K, reserved 1048576K
}
Event: 0.727 GC heap before
{Heap before GC invocations=2 (full 0):
 garbage-first heap   total 262144K, used 59584K [0x00000006c0000000, 0x00000007c0000000)
  region size 1024K, 34 young (34816K), 3 survivors (3072K)
 Metaspace       used 16598K, capacity 17127K, committed 17280K, reserved 1064960K
  class space    used 1696K, capacity 1915K, committed 1920K, reserved 1048576K
}
Event: 0.730 GC heap after
{Heap after GC invocations=3 (full 0):
 garbage-first heap   total 262144K, used 54208K [0x00000006c0000000, 0x00000007c0000000)
  region size 1024K, 5 young (5120K), 5 survivors (5120K)
 Metaspace       used 16598K, capacity 17127K, committed 17280K, reserved 1064960K
  class space    used 1696K, capacity 1915K, committed 1920K, reserved 1048576K
}
Event: 0.877 GC heap before
{Heap before GC invocations=3 (full 0):
 garbage-first heap   total 262144K, used 91072K [0x00000006c0000000, 0x00000007c0000000)
  region size 1024K, 42 young (43008K), 5 survivors (5120K)
 Metaspace       used 16756K, capacity 17266K, committed 17280K, reserved 1064960K
  class space    used 1696K, capacity 1915K, committed 1920K, reserved 1048576K
}
Event: 0.880 GC heap after
{Heap after GC invocations=4 (full 0):
 garbage-first heap   total 262144K, used 84367K [0x00000006c0000000, 0x00000007c0000000)
  region size 1024K, 6 young (6144K), 6 survivors (6144K)
 Metaspace       used 16756K, capacity 17266K, committed 17280K, reserved 1064960K
  class space    used 1696K, capacity 1915K, committed 1920K, reserved 1048576K
}
Event: 1.069 GC heap before
{Heap before GC invocations=4 (full 0):
 garbage-first heap   total 262144K, used 131471K [0x00000006c0000000, 0x00000007c0000000)
  region size 1024K, 53 young (54272K), 6 survivors (6144K)
 Metaspace       used 16846K, capacity 17334K, committed 17536K, reserved 1064960K
  class space    used 1696K, capacity 1915K, committed 1920K, reserved 1048576K
}
Event: 1.079 GC heap after
{Heap after GC invocations=5 (full 0):
 garbage-first heap   total 315392K, used 122834K [0x00000006c0000000, 0x00000007c0000000)
  region size 1024K, 7 young (7168K), 7 survivors (7168K)
 Metaspace       used 16846K, capacity 17334K, committed 17536K, reserved 1064960K
  class space    used 1696K, capacity 1915K, committed 1920K, reserved 1048576K
}
Event: 1.335 GC heap before
{Heap before GC invocations=5 (full 0):
 garbage-first heap   total 315392K, used 153554K [0x00000006c0000000, 0x00000007c0000000)
  region size 1024K, 35 young (35840K), 7 survivors (7168K)
 Metaspace       used 20571K, capacity 21107K, committed 21248K, reserved 1069056K
  class space    used 2250K, capacity 2470K, committed 2560K, reserved 1048576K
}
Event: 1.340 GC heap after
{Heap after GC invocations=6 (full 0):
 garbage-first heap   total 315392K, used 146626K [0x00000006c0000000, 0x00000007c0000000)
  region size 1024K, 8 young (8192K), 8 survivors (8192K)
 Metaspace       used 20571K, capacity 21107K, committed 21248K, reserved 1069056K
  class space    used 2250K, capacity 2470K, committed 2560K, reserved 1048576K
}

